<?xml version="1.0" encoding="UTF-8"?>
<!-- Generated by org.testng.reporters.JUnitReportReporter -->
<testsuite hostname="Bubneets-MacBook-Air.local" failures="0" tests="1" name="runner.RunCuke" time="11.555" errors="0" timestamp="2024-01-07T17:57:58 EST" skipped="0">
  <testcase classname="runner.RunCuke" name="runScenario" time="11.555"/>
</testsuite> <!-- runner.RunCuke -->
